<?xml version="1.0" encoding="UTF-8"?>
<!-- Generated by org.testng.reporters.JUnitXMLReporter -->
<testsuite hostname="DESKTOP-2VJ4R1V" ignored="0" name="Test" tests="3" failures="0" timestamp="19 Nov 2021 13:11:17 GMT" time="0.11" errors="0">
  <testcase name="men" time="0.015" classname="com.Test_Driven_Devlopment.Simple_Annotations"/>
  <testcase name="tShirt" time="0.0" classname="com.Test_Driven_Devlopment.Simple_Annotations"/>
  <testcase name="women" time="0.0" classname="com.Test_Driven_Devlopment.Simple_Annotations"/>
</testsuite> <!-- Test -->
